{
  "RSpec": {
    "coverage": {
      "/Users/Dave/Dropbox/programs/reasons_why/spec/support/authentication_helper.rb": [
        1,
        1,
        5,
        5,
        5,
        5,
        5,
        null,
        null
      ],
      "/Users/Dave/Dropbox/programs/reasons_why/spec/support/omniauth.rb": [
        1,
        0,
        null,
        null,
        null,
        null,
        null,
        null,
        null,
        null,
        null,
        0,
        0,
        0,
        null,
        0,
        null,
        0,
        null,
        null,
        null,
        null,
        null,
        null,
        null,
        null,
        null,
        null,
        null,
        null,
        1,
        0,
        null,
        null,
        null,
        0,
        0,
        null
      ],
      "/Users/Dave/Dropbox/programs/reasons_why/spec/support/shared_db_connection.rb": [
        1,
        1,
        1,
        null,
        1,
        1567,
        null,
        null,
        null,
        null,
        null,
        1
      ],
      "/Users/Dave/Dropbox/programs/reasons_why/spec/features/user_creates_list_spec.rb": [
        1,
        null,
        1,
        null,
        null,
        null,
        null,
        null,
        null,
        null,
        null,
        null,
        null,
        null,
        null,
        null,
        null,
        2,
        null,
        1,
        1,
        1,
        null,
        1,
        1,
        1,
        1,
        1,
        1,
        null,
        1,
        1,
        null,
        null,
        1,
        1,
        1,
        null,
        1,
        1,
        null,
        null,
        null
      ],
      "/Users/Dave/Dropbox/programs/reasons_why/spec/features/user_signs_up_spec.rb": [
        1,
        null,
        1,
        null,
        null,
        null,
        null,
        null,
        null,
        null,
        null,
        null,
        null,
        null,
        null,
        null,
        1,
        1,
        1,
        1,
        1,
        1,
        1,
        1,
        null,
        1,
        1,
        1,
        1,
        null,
        null,
        1,
        null,
        1,
        1,
        1,
        null,
        1,
        null,
        null,
        null,
        1,
        1,
        1,
        1,
        null,
        1,
        1,
        null,
        1,
        1,
        null,
        1,
        1,
        1,
        1,
        1,
        null,
        null,
        null
      ],
      "/Users/Dave/Dropbox/programs/reasons_why/spec/features/visitor_views_rendered_page_spec.rb": [
        1,
        null,
        1,
        null,
        null,
        null,
        null,
        null,
        null,
        null,
        null,
        null,
        null,
        null,
        null,
        3,
        null,
        1,
        6,
        null,
        1,
        1,
        null,
        null,
        1,
        6,
        null,
        1,
        1,
        null,
        1,
        null,
        null,
        null
      ],
      "/Users/Dave/Dropbox/programs/reasons_why/spec/models/list_spec.rb": [
        1,
        null,
        1,
        null,
        1,
        2,
        2,
        2,
        2,
        2,
        null,
        2,
        2,
        null,
        null,
        null
      ],
      "/Users/Dave/Dropbox/programs/reasons_why/app/models/list.rb": [
        1,
        1,
        null,
        1,
        1,
        null,
        1,
        null,
        1,
        1,
        null,
        null,
        null,
        1,
        null,
        11,
        11,
        null,
        null,
        null
      ],
      "/Users/Dave/Dropbox/programs/reasons_why/spec/models/reason_spec.rb": [
        1,
        null,
        1,
        null,
        1,
        2,
        null,
        2,
        null,
        null,
        null
      ],
      "/Users/Dave/Dropbox/programs/reasons_why/app/models/reason.rb": [
        1,
        null,
        1,
        null,
        1,
        1,
        null,
        null
      ],
      "/Users/Dave/Dropbox/programs/reasons_why/spec/models/user_spec.rb": [
        1,
        null,
        1,
        null,
        1,
        1,
        1,
        1,
        1,
        null,
        1,
        1,
        null,
        null,
        2,
        2,
        2,
        null,
        null,
        null
      ],
      "/Users/Dave/Dropbox/programs/reasons_why/app/controllers/lists_controller.rb": [
        1,
        null,
        1,
        1,
        1,
        null,
        1,
        2,
        null,
        null,
        1,
        1,
        1,
        null,
        1,
        1,
        1,
        null,
        0,
        null,
        null,
        null,
        1,
        2,
        2,
        null,
        null,
        1,
        13,
        13,
        13,
        13,
        null,
        null,
        1,
        14,
        null,
        null,
        1,
        null,
        1,
        1,
        null,
        null,
        1,
        14,
        1,
        1,
        null,
        null,
        null,
        null
      ],
      "/Users/Dave/Dropbox/programs/reasons_why/app/controllers/application_controller.rb": [
        1,
        null,
        null,
        1,
        null
      ],
      "/Users/Dave/Dropbox/programs/reasons_why/app/controllers/reasons_controller.rb": [
        1,
        null,
        1,
        1,
        null,
        1,
        8,
        8,
        null,
        8,
        8,
        8,
        null,
        0,
        0,
        null,
        null,
        null,
        1,
        null,
        1,
        8,
        null,
        null,
        null
      ]
    },
    "timestamp": 1415670667
  }
}
